<?xml version="1.0" encoding="UTF-8"?>
<testng-results skipped="0" failed="0" ignored="0" total="1" passed="1">
  <reporter-output>
  </reporter-output>
  <suite name="Default Suite" duration-ms="6451" started-at="2019-12-09T06:38:28Z" finished-at="2019-12-09T06:38:34Z">
    <groups>
    </groups>
    <test name="spree" duration-ms="6451" started-at="2019-12-09T06:38:28Z" finished-at="2019-12-09T06:38:34Z">
      <class name="NewUserRegistration">
        <test-method status="PASS" signature="verifyLogin()[pri:0, instance:NewUserRegistration@71c7db30]" name="verifyLogin" duration-ms="6394" started-at="2019-12-09T06:38:28Z" finished-at="2019-12-09T06:38:34Z">
          <reporter-output>
          </reporter-output>
        </test-method> <!-- verifyLogin -->
      </class> <!-- NewUserRegistration -->
    </test> <!-- spree -->
  </suite> <!-- Default Suite -->
</testng-results>
